<?xml version="1.0" encoding="UTF-8"?>
<!-- Generated by org.testng.reporters.JUnitXMLReporter -->
<testsuite ignored="0" hostname="Saikumar_AsusZ" failures="0" tests="6" name="Default test" time="7.45" errors="0" timestamp="2024-12-23T23:41:50 EST">
  <testcase classname="api.test.DDTests" name="testPostuser" time="3.608"/>
  <testcase classname="api.test.DDTests" name="testPostuser" time="0.208"/>
  <testcase classname="api.test.DDTests" name="testPostuser" time="0.185"/>
  <testcase classname="api.test.DDTests" name="testDeleteUserByName" time="0.254"/>
  <testcase classname="api.test.DDTests" name="testDeleteUserByName" time="0.2"/>
  <testcase classname="api.test.DDTests" name="testDeleteUserByName" time="0.179"/>
</testsuite> <!-- Default test -->
