<?xml version="1.0" encoding="UTF-8"?>
<!-- Generated by org.testng.reporters.JUnitXMLReporter -->
<testsuite ignored="0" hostname="Saikumar_AsusZ" failures="0" tests="10" name="Test" time="9.921" errors="0" timestamp="2024-12-24T00:04:46 EST">
  <testcase classname="api.test.UserTest" name="testPostUser" time="3.501"/>
  <testcase classname="api.test.UserTest" name="testGetUserByName" time="0.222"/>
  <testcase classname="api.test.UserTest" name="testUpdateUserByName" time="0.388"/>
  <testcase classname="api.test.UserTest" name="testDeleteUserByName" time="0.18"/>
  <testcase classname="api.test.DDTests" name="testPostuser" time="0.196"/>
  <testcase classname="api.test.DDTests" name="testPostuser" time="0.188"/>
  <testcase classname="api.test.DDTests" name="testPostuser" time="0.198"/>
  <testcase classname="api.test.DDTests" name="testDeleteUserByName" time="0.193"/>
  <testcase classname="api.test.DDTests" name="testDeleteUserByName" time="0.176"/>
  <testcase classname="api.test.DDTests" name="testDeleteUserByName" time="0.166"/>
</testsuite> <!-- Test -->
