<?xml version="1.0" encoding="UTF-8"?>
<!-- Generated by org.testng.reporters.JUnitXMLReporter -->
<testsuite ignored="0" hostname="Saikumar_AsusZ" failures="0" tests="10" name="Test" time="9.289" errors="0" timestamp="2024-12-24T00:48:08 EST">
  <testcase classname="api.test.UserTest" name="testPostUser" time="3.432"/>
  <testcase classname="api.test.UserTest" name="testGetUserByName" time="0.212"/>
  <testcase classname="api.test.UserTest" name="testUpdateUserByName" time="0.364"/>
  <testcase classname="api.test.UserTest" name="testDeleteUserByName" time="0.186"/>
  <testcase classname="api.test.DDTests" name="testPostuser" time="0.185"/>
  <testcase classname="api.test.DDTests" name="testPostuser" time="0.185"/>
  <testcase classname="api.test.DDTests" name="testPostuser" time="0.175"/>
  <testcase classname="api.test.DDTests" name="testDeleteUserByName" time="0.182"/>
  <testcase classname="api.test.DDTests" name="testDeleteUserByName" time="0.198"/>
  <testcase classname="api.test.DDTests" name="testDeleteUserByName" time="0.165"/>
</testsuite> <!-- Test -->
